<?xml version="1.0" encoding="UTF-8"?>
<testng-results skipped="0" failed="0" ignored="0" total="1" passed="1">
  <reporter-output>
  </reporter-output>
  <suite name="Default suite" duration-ms="41" started-at="2018-03-28T12:47:03Z" finished-at="2018-03-28T12:47:03Z">
    <groups>
    </groups>
    <test name="Default test" duration-ms="41" started-at="2018-03-28T12:47:03Z" finished-at="2018-03-28T12:47:03Z">
      <class name="selenium.Demo1">
        <test-method status="PASS" signature="TestA()[pri:0, instance:selenium.Demo1@2b98378d]" name="TestA" duration-ms="13" started-at="2018-03-28T18:17:03Z" finished-at="2018-03-28T18:17:03Z">
          <reporter-output>
          </reporter-output>
        </test-method> <!-- TestA -->
      </class> <!-- selenium.Demo1 -->
    </test> <!-- Default test -->
  </suite> <!-- Default suite -->
</testng-results>
